<?xml version="1.0" encoding="UTF-8"?>
<!-- Generated by org.testng.reporters.JUnitReportReporter -->
<testsuite hostname="Hrishi-MySon" name="com.appyschool.suiteSetup.TestSuiteSetup" tests="72" failures="2" timestamp="15 Feb 2020 10:11:11 GMT" time="220.990" errors="0">
  <testcase name="testCreateStudents" time="0.109" classname="com.appyschool.suiteSetup.TestSuiteSetup"/>
  <testcase name="testCreateStudents" time="0.041" classname="com.appyschool.suiteSetup.TestSuiteSetup"/>
  <testcase name="testCreateStudents" time="0.038" classname="com.appyschool.suiteSetup.TestSuiteSetup"/>
  <testcase name="testCreateSubjects" time="0.026" classname="com.appyschool.suiteSetup.TestSuiteSetup"/>
  <testcase name="testCreateStudents" time="0.050" classname="com.appyschool.suiteSetup.TestSuiteSetup"/>
  <testcase name="testCreateSubjects" time="0.028" classname="com.appyschool.suiteSetup.TestSuiteSetup"/>
  <testcase name="testCreateStandards" time="0.034" classname="com.appyschool.suiteSetup.TestSuiteSetup"/>
  <testcase name="testCreateStudents" time="0.045" classname="com.appyschool.suiteSetup.TestSuiteSetup"/>
  <testcase name="testCreateStudents" time="0.036" classname="com.appyschool.suiteSetup.TestSuiteSetup"/>
  <testcase name="testCreateStandards" time="0.034" classname="com.appyschool.suiteSetup.TestSuiteSetup"/>
  <testcase name="testCreateStudents" time="0.038" classname="com.appyschool.suiteSetup.TestSuiteSetup"/>
  <testcase name="testCreateStudents" time="0.060" classname="com.appyschool.suiteSetup.TestSuiteSetup"/>
  <testcase name="testCreateStudents" time="28.465" classname="com.appyschool.suiteSetup.TestSuiteSetup"/>
  <testcase name="testCreateStudents" time="0.034" classname="com.appyschool.suiteSetup.TestSuiteSetup"/>
  <testcase name="testCreateSections" time="0.020" classname="com.appyschool.suiteSetup.TestSuiteSetup"/>
  <testcase name="testCreateStudents" time="0.066" classname="com.appyschool.suiteSetup.TestSuiteSetup"/>
  <testcase name="testCreateStudents" time="0.039" classname="com.appyschool.suiteSetup.TestSuiteSetup"/>
  <testcase name="testCreateStudents" time="0.066" classname="com.appyschool.suiteSetup.TestSuiteSetup"/>
  <testcase name="testCreateBranch" time="0.029" classname="com.appyschool.suiteSetup.TestSuiteSetup"/>
  <testcase name="testCreateStudents" time="0.042" classname="com.appyschool.suiteSetup.TestSuiteSetup"/>
  <testcase name="testCreateStandards" time="0.047" classname="com.appyschool.suiteSetup.TestSuiteSetup"/>
  <testcase name="testCreateStudents" time="0.049" classname="com.appyschool.suiteSetup.TestSuiteSetup"/>
  <testcase name="testCreateStudents" time="0.046" classname="com.appyschool.suiteSetup.TestSuiteSetup"/>
  <testcase name="testCreateSubjects" time="0.035" classname="com.appyschool.suiteSetup.TestSuiteSetup"/>
  <testcase name="testCreateStudents" time="56.921" classname="com.appyschool.suiteSetup.TestSuiteSetup">
    <failure type="java.lang.NumberFormatException" message="null">
      <![CDATA[java.lang.NumberFormatException: null
	at java.lang.Integer.parseInt(Integer.java:542)
	at java.lang.Integer.parseInt(Integer.java:615)
	at com.appyschool.suiteSetup.TestSuiteSetup.testCreateStudents(TestSuiteSetup.java:442)
	at sun.reflect.NativeMethodAccessorImpl.invoke0(Native Method)
	at sun.reflect.NativeMethodAccessorImpl.invoke(NativeMethodAccessorImpl.java:62)
	at sun.reflect.DelegatingMethodAccessorImpl.invoke(DelegatingMethodAccessorImpl.java:43)
	at java.lang.reflect.Method.invoke(Method.java:498)
	at org.testng.internal.MethodInvocationHelper.invokeMethod(MethodInvocationHelper.java:84)
	at org.testng.internal.Invoker.invokeMethod(Invoker.java:714)
	at org.testng.internal.Invoker.invokeTestMethod(Invoker.java:901)
	at org.testng.internal.Invoker.invokeTestMethods(Invoker.java:1231)
	at org.testng.internal.TestMethodWorker.invokeTestMethods(TestMethodWorker.java:127)
	at org.testng.internal.TestMethodWorker.run(TestMethodWorker.java:111)
	at org.testng.TestRunner.privateRun(TestRunner.java:767)
	at org.testng.TestRunner.run(TestRunner.java:617)
	at org.testng.SuiteRunner.runTest(SuiteRunner.java:334)
	at org.testng.SuiteRunner.runSequentially(SuiteRunner.java:329)
	at org.testng.SuiteRunner.privateRun(SuiteRunner.java:291)
	at org.testng.SuiteRunner.run(SuiteRunner.java:240)
	at org.testng.SuiteRunnerWorker.runSuite(SuiteRunnerWorker.java:52)
	at org.testng.SuiteRunnerWorker.run(SuiteRunnerWorker.java:86)
	at org.testng.TestNG.runSuitesSequentially(TestNG.java:1224)
	at org.testng.TestNG.runSuitesLocally(TestNG.java:1149)
	at org.testng.TestNG.run(TestNG.java:1057)
	at org.testng.remote.AbstractRemoteTestNG.run(AbstractRemoteTestNG.java:132)
	at org.testng.remote.RemoteTestNG.initAndRun(RemoteTestNG.java:236)
	at org.testng.remote.RemoteTestNG.main(RemoteTestNG.java:81)
]]>
    </failure>
  </testcase> <!-- testCreateStudents -->
  <testcase name="testCreateStudents" time="0.041" classname="com.appyschool.suiteSetup.TestSuiteSetup"/>
  <testcase name="testCreateStudents" time="0.048" classname="com.appyschool.suiteSetup.TestSuiteSetup"/>
  <testcase name="testCreateStudents" time="0.061" classname="com.appyschool.suiteSetup.TestSuiteSetup"/>
  <testcase name="testCreateStudents" time="0.032" classname="com.appyschool.suiteSetup.TestSuiteSetup"/>
  <testcase name="testCreateStudents" time="0.050" classname="com.appyschool.suiteSetup.TestSuiteSetup"/>
  <testcase name="testCreateStudents" time="0.035" classname="com.appyschool.suiteSetup.TestSuiteSetup"/>
  <testcase name="testCreateSubjects" time="0.024" classname="com.appyschool.suiteSetup.TestSuiteSetup"/>
  <testcase name="testCreateStudents" time="0.033" classname="com.appyschool.suiteSetup.TestSuiteSetup"/>
  <testcase name="testCreateStudents" time="12.020" classname="com.appyschool.suiteSetup.TestSuiteSetup"/>
  <testcase name="testCreateStudents" time="0.044" classname="com.appyschool.suiteSetup.TestSuiteSetup"/>
  <testcase name="testCreateStandards" time="0.026" classname="com.appyschool.suiteSetup.TestSuiteSetup"/>
  <testcase name="testCreateStudents" time="0.035" classname="com.appyschool.suiteSetup.TestSuiteSetup"/>
  <testcase name="testCreateStudents" time="0.082" classname="com.appyschool.suiteSetup.TestSuiteSetup"/>
  <testcase name="testCreateStudents" time="0.037" classname="com.appyschool.suiteSetup.TestSuiteSetup"/>
  <testcase name="testCreateStudents" time="0.044" classname="com.appyschool.suiteSetup.TestSuiteSetup"/>
  <testcase name="testCreateStudents" time="0.065" classname="com.appyschool.suiteSetup.TestSuiteSetup"/>
  <testcase name="testCreateStudents" time="0.034" classname="com.appyschool.suiteSetup.TestSuiteSetup"/>
  <testcase name="testCreateStudents" time="0.058" classname="com.appyschool.suiteSetup.TestSuiteSetup"/>
  <testcase name="testCreateStudents" time="0.042" classname="com.appyschool.suiteSetup.TestSuiteSetup"/>
  <testcase name="testCreateStudents" time="101.410" classname="com.appyschool.suiteSetup.TestSuiteSetup"/>
  <testcase name="testCreateStudents" time="0.055" classname="com.appyschool.suiteSetup.TestSuiteSetup"/>
  <testcase name="testCreateStudents" time="0.044" classname="com.appyschool.suiteSetup.TestSuiteSetup"/>
  <testcase name="testCreateStudents" time="0.057" classname="com.appyschool.suiteSetup.TestSuiteSetup"/>
  <testcase name="testMapBranchStandardSection" time="0.135" classname="com.appyschool.suiteSetup.TestSuiteSetup"/>
  <testcase name="testCreateStudents" time="0.041" classname="com.appyschool.suiteSetup.TestSuiteSetup"/>
  <testcase name="testCreateStandards" time="0.029" classname="com.appyschool.suiteSetup.TestSuiteSetup"/>
  <testcase name="testCreateSubjects" time="0.027" classname="com.appyschool.suiteSetup.TestSuiteSetup"/>
  <testcase name="testCreateStudents" time="0.051" classname="com.appyschool.suiteSetup.TestSuiteSetup"/>
  <testcase name="testCreateStudents" time="0.039" classname="com.appyschool.suiteSetup.TestSuiteSetup"/>
  <testcase name="testCreateStandards" time="0.029" classname="com.appyschool.suiteSetup.TestSuiteSetup"/>
  <testcase name="testCreateStudents" time="0.036" classname="com.appyschool.suiteSetup.TestSuiteSetup"/>
  <testcase name="testCreateSections" time="0.046" classname="com.appyschool.suiteSetup.TestSuiteSetup"/>
  <testcase name="testCreateStudents" time="0.047" classname="com.appyschool.suiteSetup.TestSuiteSetup"/>
  <testcase name="testCreateStudents" time="0.050" classname="com.appyschool.suiteSetup.TestSuiteSetup"/>
  <testcase name="testCreateStandards" time="0.023" classname="com.appyschool.suiteSetup.TestSuiteSetup"/>
  <testcase name="testCreateStudents" time="0.042" classname="com.appyschool.suiteSetup.TestSuiteSetup"/>
  <testcase name="testCreateStudents" time="17.462" classname="com.appyschool.suiteSetup.TestSuiteSetup">
    <failure type="java.lang.NumberFormatException" message="null">
      <![CDATA[java.lang.NumberFormatException: null
	at java.lang.Integer.parseInt(Integer.java:542)
	at java.lang.Integer.parseInt(Integer.java:615)
	at com.appyschool.suiteSetup.TestSuiteSetup.testCreateStudents(TestSuiteSetup.java:442)
	at sun.reflect.NativeMethodAccessorImpl.invoke0(Native Method)
	at sun.reflect.NativeMethodAccessorImpl.invoke(NativeMethodAccessorImpl.java:62)
	at sun.reflect.DelegatingMethodAccessorImpl.invoke(DelegatingMethodAccessorImpl.java:43)
	at java.lang.reflect.Method.invoke(Method.java:498)
	at org.testng.internal.MethodInvocationHelper.invokeMethod(MethodInvocationHelper.java:84)
	at org.testng.internal.Invoker.invokeMethod(Invoker.java:714)
	at org.testng.internal.Invoker.invokeTestMethod(Invoker.java:901)
	at org.testng.internal.Invoker.invokeTestMethods(Invoker.java:1231)
	at org.testng.internal.TestMethodWorker.invokeTestMethods(TestMethodWorker.java:127)
	at org.testng.internal.TestMethodWorker.run(TestMethodWorker.java:111)
	at org.testng.TestRunner.privateRun(TestRunner.java:767)
	at org.testng.TestRunner.run(TestRunner.java:617)
	at org.testng.SuiteRunner.runTest(SuiteRunner.java:334)
	at org.testng.SuiteRunner.runSequentially(SuiteRunner.java:329)
	at org.testng.SuiteRunner.privateRun(SuiteRunner.java:291)
	at org.testng.SuiteRunner.run(SuiteRunner.java:240)
	at org.testng.SuiteRunnerWorker.runSuite(SuiteRunnerWorker.java:52)
	at org.testng.SuiteRunnerWorker.run(SuiteRunnerWorker.java:86)
	at org.testng.TestNG.runSuitesSequentially(TestNG.java:1224)
	at org.testng.TestNG.runSuitesLocally(TestNG.java:1149)
	at org.testng.TestNG.run(TestNG.java:1057)
	at org.testng.remote.AbstractRemoteTestNG.run(AbstractRemoteTestNG.java:132)
	at org.testng.remote.RemoteTestNG.initAndRun(RemoteTestNG.java:236)
	at org.testng.remote.RemoteTestNG.main(RemoteTestNG.java:81)
]]>
    </failure>
  </testcase> <!-- testCreateStudents -->
  <testcase name="testCreateBranch" time="0.026" classname="com.appyschool.suiteSetup.TestSuiteSetup"/>
  <testcase name="testCreateStudents" time="0.105" classname="com.appyschool.suiteSetup.TestSuiteSetup"/>
  <testcase name="testCreateBranch" time="0.040" classname="com.appyschool.suiteSetup.TestSuiteSetup"/>
  <testcase name="testCreateStudents" time="0.037" classname="com.appyschool.suiteSetup.TestSuiteSetup"/>
  <testcase name="testCreateStandards" time="0.031" classname="com.appyschool.suiteSetup.TestSuiteSetup"/>
  <testcase name="testCreateStudents" time="0.041" classname="com.appyschool.suiteSetup.TestSuiteSetup"/>
  <testcase name="testCreateStudents" time="0.044" classname="com.appyschool.suiteSetup.TestSuiteSetup"/>
  <testcase name="testCreateStandards" time="0.024" classname="com.appyschool.suiteSetup.TestSuiteSetup"/>
  <testcase name="testCreateSubjects" time="1.779" classname="com.appyschool.suiteSetup.TestSuiteSetup"/>
  <testcase name="testCreateStandards" time="0.031" classname="com.appyschool.suiteSetup.TestSuiteSetup"/>
</testsuite> <!-- com.appyschool.suiteSetup.TestSuiteSetup -->
