<?xml version="1.0" encoding="UTF-8"?>
<!-- Generated by org.testng.reporters.JUnitXMLReporter -->
<testsuite hostname="Hrishi-MySon" name="Suite setup" tests="47" failures="4" timestamp="15 Feb 2020 08:13:05 GMT" time="4.029" errors="0">
  <testcase name="testCreateAcademicYears" time="1.505" classname="com.appyschool.suiteSetup.TestSuiteSetup"/>
  <testcase name="testCreateAcademicYears" time="0.028" classname="com.appyschool.suiteSetup.TestSuiteSetup"/>
  <testcase name="testCreateAcademicYears" time="0.028" classname="com.appyschool.suiteSetup.TestSuiteSetup"/>
  <testcase name="testCreateAcademicYears" time="0.024" classname="com.appyschool.suiteSetup.TestSuiteSetup"/>
  <testcase name="testCreateBranch" time="0.023" classname="com.appyschool.suiteSetup.TestSuiteSetup"/>
  <testcase name="testCreateBranch" time="0.028" classname="com.appyschool.suiteSetup.TestSuiteSetup"/>
  <testcase name="testCreateBranch" time="0.021" classname="com.appyschool.suiteSetup.TestSuiteSetup"/>
  <testcase name="testCreateCoCurricularAreas" time="0.03" classname="com.appyschool.suiteSetup.TestSuiteSetup"/>
  <testcase name="testCreateCoCurricularAreas" time="0.027" classname="com.appyschool.suiteSetup.TestSuiteSetup"/>
  <testcase name="testCreateCoCurricularAreas" time="0.023" classname="com.appyschool.suiteSetup.TestSuiteSetup"/>
  <testcase name="testCreateCoCurricularAreas" time="0.019" classname="com.appyschool.suiteSetup.TestSuiteSetup"/>
  <testcase name="testCreateCoScholasticAreas" time="0.024" classname="com.appyschool.suiteSetup.TestSuiteSetup"/>
  <testcase name="testCreateCoScholasticAreas" time="0.022" classname="com.appyschool.suiteSetup.TestSuiteSetup"/>
  <testcase name="testCreateCoScholasticAreas" time="0.02" classname="com.appyschool.suiteSetup.TestSuiteSetup"/>
  <testcase name="testCreateCoScholasticAreas" time="0.021" classname="com.appyschool.suiteSetup.TestSuiteSetup"/>
  <testcase name="testCreateExams" time="0.035" classname="com.appyschool.suiteSetup.TestSuiteSetup"/>
  <testcase name="testCreateExams" time="0.02" classname="com.appyschool.suiteSetup.TestSuiteSetup"/>
  <testcase name="testCreateExams" time="0.017" classname="com.appyschool.suiteSetup.TestSuiteSetup"/>
  <testcase name="testCreateExams" time="0.016" classname="com.appyschool.suiteSetup.TestSuiteSetup"/>
  <testcase name="testCreateGrades" time="0.336" classname="com.appyschool.suiteSetup.TestSuiteSetup">
    <failure type="org.json.JSONException" message="A JSONObject text must begin with &amp;apos;{&amp;apos; at 1 [character 2 line 1]">
      <![CDATA[org.json.JSONException: A JSONObject text must begin with '{' at 1 [character 2 line 1]
	at org.json.JSONTokener.syntaxError(JSONTokener.java:507)
	at org.json.JSONObject.<init>(JSONObject.java:222)
	at org.json.JSONObject.<init>(JSONObject.java:406)
	at com.appyschool.suiteSetup.TestSuiteSetup.testCreateGrades(TestSuiteSetup.java:315)
... Removed 24 stack frames]]>
    </failure>
  </testcase> <!-- testCreateGrades -->
  <testcase name="testCreateGrades" time="0.033" classname="com.appyschool.suiteSetup.TestSuiteSetup">
    <failure type="org.json.JSONException" message="A JSONObject text must begin with &amp;apos;{&amp;apos; at 1 [character 2 line 1]">
      <![CDATA[org.json.JSONException: A JSONObject text must begin with '{' at 1 [character 2 line 1]
	at org.json.JSONTokener.syntaxError(JSONTokener.java:507)
	at org.json.JSONObject.<init>(JSONObject.java:222)
	at org.json.JSONObject.<init>(JSONObject.java:406)
	at com.appyschool.suiteSetup.TestSuiteSetup.testCreateGrades(TestSuiteSetup.java:315)
... Removed 24 stack frames]]>
    </failure>
  </testcase> <!-- testCreateGrades -->
  <testcase name="testCreateGrades" time="0.021" classname="com.appyschool.suiteSetup.TestSuiteSetup">
    <failure type="org.json.JSONException" message="A JSONObject text must begin with &amp;apos;{&amp;apos; at 1 [character 2 line 1]">
      <![CDATA[org.json.JSONException: A JSONObject text must begin with '{' at 1 [character 2 line 1]
	at org.json.JSONTokener.syntaxError(JSONTokener.java:507)
	at org.json.JSONObject.<init>(JSONObject.java:222)
	at org.json.JSONObject.<init>(JSONObject.java:406)
	at com.appyschool.suiteSetup.TestSuiteSetup.testCreateGrades(TestSuiteSetup.java:315)
... Removed 24 stack frames]]>
    </failure>
  </testcase> <!-- testCreateGrades -->
  <testcase name="testCreateGrades" time="0.02" classname="com.appyschool.suiteSetup.TestSuiteSetup">
    <failure type="org.json.JSONException" message="A JSONObject text must begin with &amp;apos;{&amp;apos; at 1 [character 2 line 1]">
      <![CDATA[org.json.JSONException: A JSONObject text must begin with '{' at 1 [character 2 line 1]
	at org.json.JSONTokener.syntaxError(JSONTokener.java:507)
	at org.json.JSONObject.<init>(JSONObject.java:222)
	at org.json.JSONObject.<init>(JSONObject.java:406)
	at com.appyschool.suiteSetup.TestSuiteSetup.testCreateGrades(TestSuiteSetup.java:315)
... Removed 24 stack frames]]>
    </failure>
  </testcase> <!-- testCreateGrades -->
  <testcase name="testCreateSections" time="0.017" classname="com.appyschool.suiteSetup.TestSuiteSetup"/>
  <testcase name="testCreateSections" time="0.017" classname="com.appyschool.suiteSetup.TestSuiteSetup"/>
  <testcase name="testCreateSubjects" time="0.014" classname="com.appyschool.suiteSetup.TestSuiteSetup"/>
  <testcase name="testCreateSubjects" time="0.014" classname="com.appyschool.suiteSetup.TestSuiteSetup"/>
  <testcase name="testCreateSubjects" time="0.016" classname="com.appyschool.suiteSetup.TestSuiteSetup"/>
  <testcase name="testCreateSubjects" time="0.017" classname="com.appyschool.suiteSetup.TestSuiteSetup"/>
  <testcase name="testCreateSubjects" time="0.016" classname="com.appyschool.suiteSetup.TestSuiteSetup"/>
  <testcase name="testCreateSubjects" time="0.018" classname="com.appyschool.suiteSetup.TestSuiteSetup"/>
  <testcase name="testCreateWeeklyTrackerSkills" time="0.019" classname="com.appyschool.suiteSetup.TestSuiteSetup"/>
  <testcase name="testCreateWeeklyTrackerSkills" time="0.017" classname="com.appyschool.suiteSetup.TestSuiteSetup"/>
  <testcase name="testCreateWeeklyTrackerSkills" time="0.016" classname="com.appyschool.suiteSetup.TestSuiteSetup"/>
  <testcase name="testCreateWeeklyTrackerSkills" time="0.017" classname="com.appyschool.suiteSetup.TestSuiteSetup"/>
  <testcase name="testCreateStandards" time="0.028" classname="com.appyschool.suiteSetup.TestSuiteSetup"/>
  <testcase name="testCreateStandards" time="0.034" classname="com.appyschool.suiteSetup.TestSuiteSetup"/>
  <testcase name="testCreateStandards" time="0.036" classname="com.appyschool.suiteSetup.TestSuiteSetup"/>
  <testcase name="testCreateStandards" time="0.032" classname="com.appyschool.suiteSetup.TestSuiteSetup"/>
  <testcase name="testCreateStandards" time="0.042" classname="com.appyschool.suiteSetup.TestSuiteSetup"/>
  <testcase name="testCreateStandards" time="0.03" classname="com.appyschool.suiteSetup.TestSuiteSetup"/>
  <testcase name="testCreateStandards" time="0.026" classname="com.appyschool.suiteSetup.TestSuiteSetup"/>
  <testcase name="testCreateStandards" time="0.023" classname="com.appyschool.suiteSetup.TestSuiteSetup"/>
  <testcase name="testCreateStandards" time="0.021" classname="com.appyschool.suiteSetup.TestSuiteSetup"/>
  <testcase name="testCreateStandards" time="0.02" classname="com.appyschool.suiteSetup.TestSuiteSetup"/>
  <testcase name="testMapExamSubjects" time="0.001" classname="com.appyschool.suiteSetup.TestSuiteSetup">
    <skipped/>
  </testcase> <!-- testMapExamSubjects -->
  <testcase name="testMapBranchStandardSection" time="0.091" classname="com.appyschool.suiteSetup.TestSuiteSetup"/>
</testsuite> <!-- Suite setup -->
