<html>
<head>
<title>TestNG:  Suite setup</title>
<link href="../testng.css" rel="stylesheet" type="text/css" />
<link href="../my-testng.css" rel="stylesheet" type="text/css" />

<style type="text/css">
.log { display: none;} 
.stack-trace { display: none;} 
</style>
<script type="text/javascript">
<!--
function flip(e) {
  current = e.style.display;
  if (current == 'block') {
    e.style.display = 'none';
    return 0;
  }
  else {
    e.style.display = 'block';
    return 1;
  }
}

function toggleBox(szDivId, elem, msg1, msg2)
{
  var res = -1;  if (document.getElementById) {
    res = flip(document.getElementById(szDivId));
  }
  else if (document.all) {
    // this is the way old msie versions work
    res = flip(document.all[szDivId]);
  }
  if(elem) {
    if(res == 0) elem.innerHTML = msg1; else elem.innerHTML = msg2;
  }

}

function toggleAllBoxes() {
  if (document.getElementsByTagName) {
    d = document.getElementsByTagName('div');
    for (i = 0; i < d.length; i++) {
      if (d[i].className == 'log') {
        flip(d[i]);
      }
    }
  }
}

// -->
</script>

</head>
<body>
<h2 align='center'>Suite setup</h2><table border='1' align="center">
<tr>
<td>Tests passed/Failed/Skipped:</td><td>42/5/0</td>
</tr><tr>
<td>Started on:</td><td>Sat Feb 15 13:43:01 IST 2020</td>
</tr>
<tr><td>Total time:</td><td>4 seconds (4029 ms)</td>
</tr><tr>
<td>Included groups:</td><td></td>
</tr><tr>
<td>Excluded groups:</td><td></td>
</tr>
</table><p/>
<small><i>(Hover the method name to see the test class name)</i></small><p/>
<table width='100%' border='1' class='invocation-failed'>
<tr><td colspan='4' align='center'><b>FAILED TESTS</b></td></tr>
<tr><td><b>Test method</b></td>
<td width="30%"><b>Exception</b></td>
<td width="10%"><b>Time (seconds)</b></td>
<td><b>Instance</b></td>
</tr>
<tr>
<td title='com.appyschool.suiteSetup.TestSuiteSetup.testCreateGrades()'><b>testCreateGrades</b><br>Test class: com.appyschool.suiteSetup.TestSuiteSetup<br>Parameters: {$minPercentage=60, $maxPercentage=100, $grade=A, statusCode=200}</td>
<td><div><pre>org.json.JSONException: A JSONObject text must begin with &apos;{&apos; at 1 [character 2 line 1]
	at org.json.JSONTokener.syntaxError(JSONTokener.java:507)
	at org.json.JSONObject.&lt;init&gt;(JSONObject.java:222)
	at org.json.JSONObject.&lt;init&gt;(JSONObject.java:406)
	at com.appyschool.suiteSetup.TestSuiteSetup.testCreateGrades(TestSuiteSetup.java:315)
... Removed 24 stack frames</pre></div><a href='#' onClick='toggleBox("stack-trace891894789", this, "Click to show all stack frames", "Click to hide stack frames")'>Click to show all stack frames</a>
<div class='stack-trace' id='stack-trace891894789'><pre>org.json.JSONException: A JSONObject text must begin with &apos;{&apos; at 1 [character 2 line 1]
	at org.json.JSONTokener.syntaxError(JSONTokener.java:507)
	at org.json.JSONObject.&lt;init&gt;(JSONObject.java:222)
	at org.json.JSONObject.&lt;init&gt;(JSONObject.java:406)
	at com.appyschool.suiteSetup.TestSuiteSetup.testCreateGrades(TestSuiteSetup.java:315)
	at sun.reflect.NativeMethodAccessorImpl.invoke0(Native Method)
	at sun.reflect.NativeMethodAccessorImpl.invoke(NativeMethodAccessorImpl.java:62)
	at sun.reflect.DelegatingMethodAccessorImpl.invoke(DelegatingMethodAccessorImpl.java:43)
	at java.lang.reflect.Method.invoke(Method.java:498)
	at org.testng.internal.MethodInvocationHelper.invokeMethod(MethodInvocationHelper.java:84)
	at org.testng.internal.Invoker.invokeMethod(Invoker.java:714)
	at org.testng.internal.Invoker.invokeTestMethod(Invoker.java:901)
	at org.testng.internal.Invoker.invokeTestMethods(Invoker.java:1231)
	at org.testng.internal.TestMethodWorker.invokeTestMethods(TestMethodWorker.java:127)
	at org.testng.internal.TestMethodWorker.run(TestMethodWorker.java:111)
	at org.testng.TestRunner.privateRun(TestRunner.java:767)
	at org.testng.TestRunner.run(TestRunner.java:617)
	at org.testng.SuiteRunner.runTest(SuiteRunner.java:334)
	at org.testng.SuiteRunner.runSequentially(SuiteRunner.java:329)
	at org.testng.SuiteRunner.privateRun(SuiteRunner.java:291)
	at org.testng.SuiteRunner.run(SuiteRunner.java:240)
	at org.testng.SuiteRunnerWorker.runSuite(SuiteRunnerWorker.java:52)
	at org.testng.SuiteRunnerWorker.run(SuiteRunnerWorker.java:86)
	at org.testng.TestNG.runSuitesSequentially(TestNG.java:1224)
	at org.testng.TestNG.runSuitesLocally(TestNG.java:1149)
	at org.testng.TestNG.run(TestNG.java:1057)
	at org.testng.remote.AbstractRemoteTestNG.run(AbstractRemoteTestNG.java:132)
	at org.testng.remote.RemoteTestNG.initAndRun(RemoteTestNG.java:236)
	at org.testng.remote.RemoteTestNG.main(RemoteTestNG.java:81)
</pre></div></td>
<td>0</td>
<td>com.appyschool.suiteSetup.TestSuiteSetup@47c62251</td></tr>
<tr>
<td title='com.appyschool.suiteSetup.TestSuiteSetup.testCreateGrades()'><b>testCreateGrades</b><br>Test class: com.appyschool.suiteSetup.TestSuiteSetup<br>Parameters: {$minPercentage=50, $maxPercentage=60, $grade=B, statusCode=200}</td>
<td><div><pre>org.json.JSONException: A JSONObject text must begin with &apos;{&apos; at 1 [character 2 line 1]
	at org.json.JSONTokener.syntaxError(JSONTokener.java:507)
	at org.json.JSONObject.&lt;init&gt;(JSONObject.java:222)
	at org.json.JSONObject.&lt;init&gt;(JSONObject.java:406)
	at com.appyschool.suiteSetup.TestSuiteSetup.testCreateGrades(TestSuiteSetup.java:315)
... Removed 24 stack frames</pre></div><a href='#' onClick='toggleBox("stack-trace1296109622", this, "Click to show all stack frames", "Click to hide stack frames")'>Click to show all stack frames</a>
<div class='stack-trace' id='stack-trace1296109622'><pre>org.json.JSONException: A JSONObject text must begin with &apos;{&apos; at 1 [character 2 line 1]
	at org.json.JSONTokener.syntaxError(JSONTokener.java:507)
	at org.json.JSONObject.&lt;init&gt;(JSONObject.java:222)
	at org.json.JSONObject.&lt;init&gt;(JSONObject.java:406)
	at com.appyschool.suiteSetup.TestSuiteSetup.testCreateGrades(TestSuiteSetup.java:315)
	at sun.reflect.NativeMethodAccessorImpl.invoke0(Native Method)
	at sun.reflect.NativeMethodAccessorImpl.invoke(NativeMethodAccessorImpl.java:62)
	at sun.reflect.DelegatingMethodAccessorImpl.invoke(DelegatingMethodAccessorImpl.java:43)
	at java.lang.reflect.Method.invoke(Method.java:498)
	at org.testng.internal.MethodInvocationHelper.invokeMethod(MethodInvocationHelper.java:84)
	at org.testng.internal.Invoker.invokeMethod(Invoker.java:714)
	at org.testng.internal.Invoker.invokeTestMethod(Invoker.java:901)
	at org.testng.internal.Invoker.invokeTestMethods(Invoker.java:1231)
	at org.testng.internal.TestMethodWorker.invokeTestMethods(TestMethodWorker.java:127)
	at org.testng.internal.TestMethodWorker.run(TestMethodWorker.java:111)
	at org.testng.TestRunner.privateRun(TestRunner.java:767)
	at org.testng.TestRunner.run(TestRunner.java:617)
	at org.testng.SuiteRunner.runTest(SuiteRunner.java:334)
	at org.testng.SuiteRunner.runSequentially(SuiteRunner.java:329)
	at org.testng.SuiteRunner.privateRun(SuiteRunner.java:291)
	at org.testng.SuiteRunner.run(SuiteRunner.java:240)
	at org.testng.SuiteRunnerWorker.runSuite(SuiteRunnerWorker.java:52)
	at org.testng.SuiteRunnerWorker.run(SuiteRunnerWorker.java:86)
	at org.testng.TestNG.runSuitesSequentially(TestNG.java:1224)
	at org.testng.TestNG.runSuitesLocally(TestNG.java:1149)
	at org.testng.TestNG.run(TestNG.java:1057)
	at org.testng.remote.AbstractRemoteTestNG.run(AbstractRemoteTestNG.java:132)
	at org.testng.remote.RemoteTestNG.initAndRun(RemoteTestNG.java:236)
	at org.testng.remote.RemoteTestNG.main(RemoteTestNG.java:81)
</pre></div></td>
<td>0</td>
<td>com.appyschool.suiteSetup.TestSuiteSetup@47c62251</td></tr>
<tr>
<td title='com.appyschool.suiteSetup.TestSuiteSetup.testCreateGrades()'><b>testCreateGrades</b><br>Test class: com.appyschool.suiteSetup.TestSuiteSetup<br>Parameters: {$minPercentage=40, $maxPercentage=50, $grade=C, statusCode=200}</td>
<td><div><pre>org.json.JSONException: A JSONObject text must begin with &apos;{&apos; at 1 [character 2 line 1]
	at org.json.JSONTokener.syntaxError(JSONTokener.java:507)
	at org.json.JSONObject.&lt;init&gt;(JSONObject.java:222)
	at org.json.JSONObject.&lt;init&gt;(JSONObject.java:406)
	at com.appyschool.suiteSetup.TestSuiteSetup.testCreateGrades(TestSuiteSetup.java:315)
... Removed 24 stack frames</pre></div><a href='#' onClick='toggleBox("stack-trace318794136", this, "Click to show all stack frames", "Click to hide stack frames")'>Click to show all stack frames</a>
<div class='stack-trace' id='stack-trace318794136'><pre>org.json.JSONException: A JSONObject text must begin with &apos;{&apos; at 1 [character 2 line 1]
	at org.json.JSONTokener.syntaxError(JSONTokener.java:507)
	at org.json.JSONObject.&lt;init&gt;(JSONObject.java:222)
	at org.json.JSONObject.&lt;init&gt;(JSONObject.java:406)
	at com.appyschool.suiteSetup.TestSuiteSetup.testCreateGrades(TestSuiteSetup.java:315)
	at sun.reflect.NativeMethodAccessorImpl.invoke0(Native Method)
	at sun.reflect.NativeMethodAccessorImpl.invoke(NativeMethodAccessorImpl.java:62)
	at sun.reflect.DelegatingMethodAccessorImpl.invoke(DelegatingMethodAccessorImpl.java:43)
	at java.lang.reflect.Method.invoke(Method.java:498)
	at org.testng.internal.MethodInvocationHelper.invokeMethod(MethodInvocationHelper.java:84)
	at org.testng.internal.Invoker.invokeMethod(Invoker.java:714)
	at org.testng.internal.Invoker.invokeTestMethod(Invoker.java:901)
	at org.testng.internal.Invoker.invokeTestMethods(Invoker.java:1231)
	at org.testng.internal.TestMethodWorker.invokeTestMethods(TestMethodWorker.java:127)
	at org.testng.internal.TestMethodWorker.run(TestMethodWorker.java:111)
	at org.testng.TestRunner.privateRun(TestRunner.java:767)
	at org.testng.TestRunner.run(TestRunner.java:617)
	at org.testng.SuiteRunner.runTest(SuiteRunner.java:334)
	at org.testng.SuiteRunner.runSequentially(SuiteRunner.java:329)
	at org.testng.SuiteRunner.privateRun(SuiteRunner.java:291)
	at org.testng.SuiteRunner.run(SuiteRunner.java:240)
	at org.testng.SuiteRunnerWorker.runSuite(SuiteRunnerWorker.java:52)
	at org.testng.SuiteRunnerWorker.run(SuiteRunnerWorker.java:86)
	at org.testng.TestNG.runSuitesSequentially(TestNG.java:1224)
	at org.testng.TestNG.runSuitesLocally(TestNG.java:1149)
	at org.testng.TestNG.run(TestNG.java:1057)
	at org.testng.remote.AbstractRemoteTestNG.run(AbstractRemoteTestNG.java:132)
	at org.testng.remote.RemoteTestNG.initAndRun(RemoteTestNG.java:236)
	at org.testng.remote.RemoteTestNG.main(RemoteTestNG.java:81)
</pre></div></td>
<td>0</td>
<td>com.appyschool.suiteSetup.TestSuiteSetup@47c62251</td></tr>
<tr>
<td title='com.appyschool.suiteSetup.TestSuiteSetup.testCreateGrades()'><b>testCreateGrades</b><br>Test class: com.appyschool.suiteSetup.TestSuiteSetup<br>Parameters: {$minPercentage=30, $maxPercentage=40, $grade=D, statusCode=200}</td>
<td><div><pre>org.json.JSONException: A JSONObject text must begin with &apos;{&apos; at 1 [character 2 line 1]
	at org.json.JSONTokener.syntaxError(JSONTokener.java:507)
	at org.json.JSONObject.&lt;init&gt;(JSONObject.java:222)
	at org.json.JSONObject.&lt;init&gt;(JSONObject.java:406)
	at com.appyschool.suiteSetup.TestSuiteSetup.testCreateGrades(TestSuiteSetup.java:315)
... Removed 24 stack frames</pre></div><a href='#' onClick='toggleBox("stack-trace1835778392", this, "Click to show all stack frames", "Click to hide stack frames")'>Click to show all stack frames</a>
<div class='stack-trace' id='stack-trace1835778392'><pre>org.json.JSONException: A JSONObject text must begin with &apos;{&apos; at 1 [character 2 line 1]
	at org.json.JSONTokener.syntaxError(JSONTokener.java:507)
	at org.json.JSONObject.&lt;init&gt;(JSONObject.java:222)
	at org.json.JSONObject.&lt;init&gt;(JSONObject.java:406)
	at com.appyschool.suiteSetup.TestSuiteSetup.testCreateGrades(TestSuiteSetup.java:315)
	at sun.reflect.NativeMethodAccessorImpl.invoke0(Native Method)
	at sun.reflect.NativeMethodAccessorImpl.invoke(NativeMethodAccessorImpl.java:62)
	at sun.reflect.DelegatingMethodAccessorImpl.invoke(DelegatingMethodAccessorImpl.java:43)
	at java.lang.reflect.Method.invoke(Method.java:498)
	at org.testng.internal.MethodInvocationHelper.invokeMethod(MethodInvocationHelper.java:84)
	at org.testng.internal.Invoker.invokeMethod(Invoker.java:714)
	at org.testng.internal.Invoker.invokeTestMethod(Invoker.java:901)
	at org.testng.internal.Invoker.invokeTestMethods(Invoker.java:1231)
	at org.testng.internal.TestMethodWorker.invokeTestMethods(TestMethodWorker.java:127)
	at org.testng.internal.TestMethodWorker.run(TestMethodWorker.java:111)
	at org.testng.TestRunner.privateRun(TestRunner.java:767)
	at org.testng.TestRunner.run(TestRunner.java:617)
	at org.testng.SuiteRunner.runTest(SuiteRunner.java:334)
	at org.testng.SuiteRunner.runSequentially(SuiteRunner.java:329)
	at org.testng.SuiteRunner.privateRun(SuiteRunner.java:291)
	at org.testng.SuiteRunner.run(SuiteRunner.java:240)
	at org.testng.SuiteRunnerWorker.runSuite(SuiteRunnerWorker.java:52)
	at org.testng.SuiteRunnerWorker.run(SuiteRunnerWorker.java:86)
	at org.testng.TestNG.runSuitesSequentially(TestNG.java:1224)
	at org.testng.TestNG.runSuitesLocally(TestNG.java:1149)
	at org.testng.TestNG.run(TestNG.java:1057)
	at org.testng.remote.AbstractRemoteTestNG.run(AbstractRemoteTestNG.java:132)
	at org.testng.remote.RemoteTestNG.initAndRun(RemoteTestNG.java:236)
	at org.testng.remote.RemoteTestNG.main(RemoteTestNG.java:81)
</pre></div></td>
<td>0</td>
<td>com.appyschool.suiteSetup.TestSuiteSetup@47c62251</td></tr>
</table><p>
<table width='100%' border='1' class='invocation-passed'>
<tr><td colspan='4' align='center'><b>PASSED TESTS</b></td></tr>
<tr><td><b>Test method</b></td>
<td width="30%"><b>Exception</b></td>
<td width="10%"><b>Time (seconds)</b></td>
<td><b>Instance</b></td>
</tr>
<tr>
<td title='com.appyschool.suiteSetup.TestSuiteSetup.testCreateAcademicYears()'><b>testCreateAcademicYears</b><br>Test class: com.appyschool.suiteSetup.TestSuiteSetup<br>Parameters: {$endDate=07-03-2020, $academicYearName=2017-18, $startDate=15-02-2020, statusCode=200}</td>
<td></td>
<td>1</td>
<td>com.appyschool.suiteSetup.TestSuiteSetup@47c62251</td></tr>
<tr>
<td title='com.appyschool.suiteSetup.TestSuiteSetup.testCreateAcademicYears()'><b>testCreateAcademicYears</b><br>Test class: com.appyschool.suiteSetup.TestSuiteSetup<br>Parameters: {$endDate=07-03-2020, $academicYearName=2018-19, $startDate=15-02-2020, statusCode=200}</td>
<td></td>
<td>0</td>
<td>com.appyschool.suiteSetup.TestSuiteSetup@47c62251</td></tr>
<tr>
<td title='com.appyschool.suiteSetup.TestSuiteSetup.testCreateAcademicYears()'><b>testCreateAcademicYears</b><br>Test class: com.appyschool.suiteSetup.TestSuiteSetup<br>Parameters: {$endDate=07-03-2020, $academicYearName=2019-20, $startDate=15-02-2020, statusCode=200}</td>
<td></td>
<td>0</td>
<td>com.appyschool.suiteSetup.TestSuiteSetup@47c62251</td></tr>
<tr>
<td title='com.appyschool.suiteSetup.TestSuiteSetup.testCreateAcademicYears()'><b>testCreateAcademicYears</b><br>Test class: com.appyschool.suiteSetup.TestSuiteSetup<br>Parameters: {$endDate=07-03-2020, $academicYearName=2020-21, $startDate=15-02-2020, statusCode=200}</td>
<td></td>
<td>0</td>
<td>com.appyschool.suiteSetup.TestSuiteSetup@47c62251</td></tr>
<tr>
<td title='com.appyschool.suiteSetup.TestSuiteSetup.testCreateBranch()'><b>testCreateBranch</b><br>Test class: com.appyschool.suiteSetup.TestSuiteSetup<br>Parameters: {$name=Kondapur, $city=Hyderabad, $description=Creating from API Automation, $addressLine1=address line1, $addressLine3=address Line3, $addressLine2=address line2, $country=India, $pincode=500043, $state=Telangana, $contactNumber1=1234567823, $contactNumber2=4345454632, $emailId=api@autom.com, statusCode=200}</td>
<td></td>
<td>0</td>
<td>com.appyschool.suiteSetup.TestSuiteSetup@47c62251</td></tr>
<tr>
<td title='com.appyschool.suiteSetup.TestSuiteSetup.testCreateBranch()'><b>testCreateBranch</b><br>Test class: com.appyschool.suiteSetup.TestSuiteSetup<br>Parameters: {$name=Chandanagar, $city=Hyderabad, $description=Creating from API Automation, $addressLine1=address line1, $addressLine3=address Line3, $addressLine2=address line2, $country=India, $pincode=500043, $state=Telangana, $contactNumber1=1234567823, $contactNumber2=4345454632, $emailId=api@autom.com, statusCode=200}</td>
<td></td>
<td>0</td>
<td>com.appyschool.suiteSetup.TestSuiteSetup@47c62251</td></tr>
<tr>
<td title='com.appyschool.suiteSetup.TestSuiteSetup.testCreateBranch()'><b>testCreateBranch</b><br>Test class: com.appyschool.suiteSetup.TestSuiteSetup<br>Parameters: {$name=Shivarampally, $city=Hyderabad, $description=Creating from API Automation, $addressLine1=address line1, $addressLine3=address Line3, $addressLine2=address line2, $country=India, $pincode=500043, $state=Telangana, $contactNumber1=1234567823, $contactNumber2=4345454632, $emailId=api@autom.com, statusCode=200}</td>
<td></td>
<td>0</td>
<td>com.appyschool.suiteSetup.TestSuiteSetup@47c62251</td></tr>
<tr>
<td title='com.appyschool.suiteSetup.TestSuiteSetup.testCreateCoCurricularAreas()'><b>testCreateCoCurricularAreas</b><br>Test class: com.appyschool.suiteSetup.TestSuiteSetup<br>Parameters: {$partCategory1=partCategrory1, $skillName2= skill11, $skillCategory=skillCategory1, $skillName1=Skill1, statusCode=200}</td>
<td></td>
<td>0</td>
<td>com.appyschool.suiteSetup.TestSuiteSetup@47c62251</td></tr>
<tr>
<td title='com.appyschool.suiteSetup.TestSuiteSetup.testCreateCoCurricularAreas()'><b>testCreateCoCurricularAreas</b><br>Test class: com.appyschool.suiteSetup.TestSuiteSetup<br>Parameters: {$partCategory1=partCategrory2, $skillName2= skill22, $skillCategory=skillCategory2, $skillName1=Skill2, statusCode=200}</td>
<td></td>
<td>0</td>
<td>com.appyschool.suiteSetup.TestSuiteSetup@47c62251</td></tr>
<tr>
<td title='com.appyschool.suiteSetup.TestSuiteSetup.testCreateCoCurricularAreas()'><b>testCreateCoCurricularAreas</b><br>Test class: com.appyschool.suiteSetup.TestSuiteSetup<br>Parameters: {$partCategory1=partCategrory3, $skillName2= skill33, $skillCategory=skillCategory3, $skillName1=Skill3, statusCode=200}</td>
<td></td>
<td>0</td>
<td>com.appyschool.suiteSetup.TestSuiteSetup@47c62251</td></tr>
<tr>
<td title='com.appyschool.suiteSetup.TestSuiteSetup.testCreateCoCurricularAreas()'><b>testCreateCoCurricularAreas</b><br>Test class: com.appyschool.suiteSetup.TestSuiteSetup<br>Parameters: {$partCategory1=partCategrory4, $skillName2= skill44, $skillCategory=skillCategory4, $skillName1=Skill4, statusCode=200}</td>
<td></td>
<td>0</td>
<td>com.appyschool.suiteSetup.TestSuiteSetup@47c62251</td></tr>
<tr>
<td title='com.appyschool.suiteSetup.TestSuiteSetup.testCreateCoScholasticAreas()'><b>testCreateCoScholasticAreas</b><br>Test class: com.appyschool.suiteSetup.TestSuiteSetup<br>Parameters: {$partCategory1=partCategrory1, $skillName2= skill11, $skillCategory=skillCategory1, $skillName1=Skill1, statusCode=200}</td>
<td></td>
<td>0</td>
<td>com.appyschool.suiteSetup.TestSuiteSetup@47c62251</td></tr>
<tr>
<td title='com.appyschool.suiteSetup.TestSuiteSetup.testCreateCoScholasticAreas()'><b>testCreateCoScholasticAreas</b><br>Test class: com.appyschool.suiteSetup.TestSuiteSetup<br>Parameters: {$partCategory1=partCategrory2, $skillName2= skill22, $skillCategory=skillCategory2, $skillName1=Skill2, statusCode=200}</td>
<td></td>
<td>0</td>
<td>com.appyschool.suiteSetup.TestSuiteSetup@47c62251</td></tr>
<tr>
<td title='com.appyschool.suiteSetup.TestSuiteSetup.testCreateCoScholasticAreas()'><b>testCreateCoScholasticAreas</b><br>Test class: com.appyschool.suiteSetup.TestSuiteSetup<br>Parameters: {$partCategory1=partCategrory3, $skillName2= skill33, $skillCategory=skillCategory3, $skillName1=Skill3, statusCode=200}</td>
<td></td>
<td>0</td>
<td>com.appyschool.suiteSetup.TestSuiteSetup@47c62251</td></tr>
<tr>
<td title='com.appyschool.suiteSetup.TestSuiteSetup.testCreateCoScholasticAreas()'><b>testCreateCoScholasticAreas</b><br>Test class: com.appyschool.suiteSetup.TestSuiteSetup<br>Parameters: {$partCategory1=partCategrory4, $skillName2= skill44, $skillCategory=skillCategory4, $skillName1=Skill4, statusCode=200}</td>
<td></td>
<td>0</td>
<td>com.appyschool.suiteSetup.TestSuiteSetup@47c62251</td></tr>
<tr>
<td title='com.appyschool.suiteSetup.TestSuiteSetup.testCreateExams()'><b>testCreateExams</b><br>Test class: com.appyschool.suiteSetup.TestSuiteSetup<br>Parameters: {$name=Unit Test 1, $description=Creating from Automation, statusCode=200}</td>
<td></td>
<td>0</td>
<td>com.appyschool.suiteSetup.TestSuiteSetup@47c62251</td></tr>
<tr>
<td title='com.appyschool.suiteSetup.TestSuiteSetup.testCreateExams()'><b>testCreateExams</b><br>Test class: com.appyschool.suiteSetup.TestSuiteSetup<br>Parameters: {$name=Unit Test 2, $description=Creating from Automation, statusCode=200}</td>
<td></td>
<td>0</td>
<td>com.appyschool.suiteSetup.TestSuiteSetup@47c62251</td></tr>
<tr>
<td title='com.appyschool.suiteSetup.TestSuiteSetup.testCreateExams()'><b>testCreateExams</b><br>Test class: com.appyschool.suiteSetup.TestSuiteSetup<br>Parameters: {$name=Unit Test 3, $description=Creating from Automation, statusCode=200}</td>
<td></td>
<td>0</td>
<td>com.appyschool.suiteSetup.TestSuiteSetup@47c62251</td></tr>
<tr>
<td title='com.appyschool.suiteSetup.TestSuiteSetup.testCreateExams()'><b>testCreateExams</b><br>Test class: com.appyschool.suiteSetup.TestSuiteSetup<br>Parameters: {$name=Unit Test 4, $description=Creating from Automation, statusCode=200}</td>
<td></td>
<td>0</td>
<td>com.appyschool.suiteSetup.TestSuiteSetup@47c62251</td></tr>
<tr>
<td title='com.appyschool.suiteSetup.TestSuiteSetup.testCreateSections()'><b>testCreateSections</b><br>Test class: com.appyschool.suiteSetup.TestSuiteSetup<br>Parameters: {$name=Section A, $description=Creating from Automation, statusCode=200}</td>
<td></td>
<td>0</td>
<td>com.appyschool.suiteSetup.TestSuiteSetup@47c62251</td></tr>
<tr>
<td title='com.appyschool.suiteSetup.TestSuiteSetup.testCreateSections()'><b>testCreateSections</b><br>Test class: com.appyschool.suiteSetup.TestSuiteSetup<br>Parameters: {$name=Section B, $description=Creating from Automation, statusCode=200}</td>
<td></td>
<td>0</td>
<td>com.appyschool.suiteSetup.TestSuiteSetup@47c62251</td></tr>
<tr>
<td title='com.appyschool.suiteSetup.TestSuiteSetup.testCreateStandards()'><b>testCreateStandards</b><br>Test class: com.appyschool.suiteSetup.TestSuiteSetup<br>Parameters: {$name=Class-1, $description=Creating from API Automation, $standardLevel=KINDERGARTEN, statusCode=200}</td>
<td></td>
<td>0</td>
<td>com.appyschool.suiteSetup.TestSuiteSetup@47c62251</td></tr>
<tr>
<td title='com.appyschool.suiteSetup.TestSuiteSetup.testCreateStandards()'><b>testCreateStandards</b><br>Test class: com.appyschool.suiteSetup.TestSuiteSetup<br>Parameters: {$name=Class-2, $description=Creating from API Automation, $standardLevel=KINDERGARTEN, statusCode=200}</td>
<td></td>
<td>0</td>
<td>com.appyschool.suiteSetup.TestSuiteSetup@47c62251</td></tr>
<tr>
<td title='com.appyschool.suiteSetup.TestSuiteSetup.testCreateStandards()'><b>testCreateStandards</b><br>Test class: com.appyschool.suiteSetup.TestSuiteSetup<br>Parameters: {$name=Class-3, $description=Creating from API Automation, $standardLevel=PRIMARY, statusCode=200}</td>
<td></td>
<td>0</td>
<td>com.appyschool.suiteSetup.TestSuiteSetup@47c62251</td></tr>
<tr>
<td title='com.appyschool.suiteSetup.TestSuiteSetup.testCreateStandards()'><b>testCreateStandards</b><br>Test class: com.appyschool.suiteSetup.TestSuiteSetup<br>Parameters: {$name=Class-4, $description=Creating from API Automation, $standardLevel=PRIMARY, statusCode=200}</td>
<td></td>
<td>0</td>
<td>com.appyschool.suiteSetup.TestSuiteSetup@47c62251</td></tr>
<tr>
<td title='com.appyschool.suiteSetup.TestSuiteSetup.testCreateStandards()'><b>testCreateStandards</b><br>Test class: com.appyschool.suiteSetup.TestSuiteSetup<br>Parameters: {$name=Class-5, $description=Creating from API Automation, $standardLevel=PRIMARY, statusCode=200}</td>
<td></td>
<td>0</td>
<td>com.appyschool.suiteSetup.TestSuiteSetup@47c62251</td></tr>
<tr>
<td title='com.appyschool.suiteSetup.TestSuiteSetup.testCreateStandards()'><b>testCreateStandards</b><br>Test class: com.appyschool.suiteSetup.TestSuiteSetup<br>Parameters: {$name=Class-6, $description=Creating from API Automation, $standardLevel=PRIMARY, statusCode=200}</td>
<td></td>
<td>0</td>
<td>com.appyschool.suiteSetup.TestSuiteSetup@47c62251</td></tr>
<tr>
<td title='com.appyschool.suiteSetup.TestSuiteSetup.testCreateStandards()'><b>testCreateStandards</b><br>Test class: com.appyschool.suiteSetup.TestSuiteSetup<br>Parameters: {$name=Class-7, $description=Creating from API Automation, $standardLevel=PRIMARY, statusCode=200}</td>
<td></td>
<td>0</td>
<td>com.appyschool.suiteSetup.TestSuiteSetup@47c62251</td></tr>
<tr>
<td title='com.appyschool.suiteSetup.TestSuiteSetup.testCreateStandards()'><b>testCreateStandards</b><br>Test class: com.appyschool.suiteSetup.TestSuiteSetup<br>Parameters: {$name=Class-8, $description=Creating from API Automation, $standardLevel=PRIMARY, statusCode=200}</td>
<td></td>
<td>0</td>
<td>com.appyschool.suiteSetup.TestSuiteSetup@47c62251</td></tr>
<tr>
<td title='com.appyschool.suiteSetup.TestSuiteSetup.testCreateStandards()'><b>testCreateStandards</b><br>Test class: com.appyschool.suiteSetup.TestSuiteSetup<br>Parameters: {$name=Class-9, $description=Creating from API Automation, $standardLevel=PRIMARY, statusCode=200}</td>
<td></td>
<td>0</td>
<td>com.appyschool.suiteSetup.TestSuiteSetup@47c62251</td></tr>
<tr>
<td title='com.appyschool.suiteSetup.TestSuiteSetup.testCreateStandards()'><b>testCreateStandards</b><br>Test class: com.appyschool.suiteSetup.TestSuiteSetup<br>Parameters: {$name=Class-10, $description=Creating from API Automation, $standardLevel=PRIMARY, statusCode=200}</td>
<td></td>
<td>0</td>
<td>com.appyschool.suiteSetup.TestSuiteSetup@47c62251</td></tr>
<tr>
<td title='com.appyschool.suiteSetup.TestSuiteSetup.testCreateSubjects()'><b>testCreateSubjects</b><br>Test class: com.appyschool.suiteSetup.TestSuiteSetup<br>Parameters: {$name=Telugu, $description=Creating from API Automation, $code=api123, statusCode=200}</td>
<td></td>
<td>0</td>
<td>com.appyschool.suiteSetup.TestSuiteSetup@47c62251</td></tr>
<tr>
<td title='com.appyschool.suiteSetup.TestSuiteSetup.testCreateSubjects()'><b>testCreateSubjects</b><br>Test class: com.appyschool.suiteSetup.TestSuiteSetup<br>Parameters: {$name=English, $description=Creating from API Automation, $code=api123, statusCode=200}</td>
<td></td>
<td>0</td>
<td>com.appyschool.suiteSetup.TestSuiteSetup@47c62251</td></tr>
<tr>
<td title='com.appyschool.suiteSetup.TestSuiteSetup.testCreateSubjects()'><b>testCreateSubjects</b><br>Test class: com.appyschool.suiteSetup.TestSuiteSetup<br>Parameters: {$name=Hindi, $description=Creating from API Automation, $code=api123, statusCode=200}</td>
<td></td>
<td>0</td>
<td>com.appyschool.suiteSetup.TestSuiteSetup@47c62251</td></tr>
<tr>
<td title='com.appyschool.suiteSetup.TestSuiteSetup.testCreateSubjects()'><b>testCreateSubjects</b><br>Test class: com.appyschool.suiteSetup.TestSuiteSetup<br>Parameters: {$name=Maths, $description=Creating from API Automation, $code=api123, statusCode=200}</td>
<td></td>
<td>0</td>
<td>com.appyschool.suiteSetup.TestSuiteSetup@47c62251</td></tr>
<tr>
<td title='com.appyschool.suiteSetup.TestSuiteSetup.testCreateSubjects()'><b>testCreateSubjects</b><br>Test class: com.appyschool.suiteSetup.TestSuiteSetup<br>Parameters: {$name=Science, $description=Creating from API Automation, $code=api123, statusCode=200}</td>
<td></td>
<td>0</td>
<td>com.appyschool.suiteSetup.TestSuiteSetup@47c62251</td></tr>
<tr>
<td title='com.appyschool.suiteSetup.TestSuiteSetup.testCreateSubjects()'><b>testCreateSubjects</b><br>Test class: com.appyschool.suiteSetup.TestSuiteSetup<br>Parameters: {$name=Social, $description=Creating from API Automation, $code=api123, statusCode=200}</td>
<td></td>
<td>0</td>
<td>com.appyschool.suiteSetup.TestSuiteSetup@47c62251</td></tr>
<tr>
<td title='com.appyschool.suiteSetup.TestSuiteSetup.testCreateWeeklyTrackerSkills()'><b>testCreateWeeklyTrackerSkills</b><br>Test class: com.appyschool.suiteSetup.TestSuiteSetup<br>Parameters: {$skillDescription= Creating from Automation, $skillName=Weekly Tracker Skills 1, statusCode=200}</td>
<td></td>
<td>0</td>
<td>com.appyschool.suiteSetup.TestSuiteSetup@47c62251</td></tr>
<tr>
<td title='com.appyschool.suiteSetup.TestSuiteSetup.testCreateWeeklyTrackerSkills()'><b>testCreateWeeklyTrackerSkills</b><br>Test class: com.appyschool.suiteSetup.TestSuiteSetup<br>Parameters: {$skillDescription= Creating from Automation, $skillName=Weekly Tracker Skills 2, statusCode=200}</td>
<td></td>
<td>0</td>
<td>com.appyschool.suiteSetup.TestSuiteSetup@47c62251</td></tr>
<tr>
<td title='com.appyschool.suiteSetup.TestSuiteSetup.testCreateWeeklyTrackerSkills()'><b>testCreateWeeklyTrackerSkills</b><br>Test class: com.appyschool.suiteSetup.TestSuiteSetup<br>Parameters: {$skillDescription= Creating from Automation, $skillName=Weekly Tracker Skills 3, statusCode=200}</td>
<td></td>
<td>0</td>
<td>com.appyschool.suiteSetup.TestSuiteSetup@47c62251</td></tr>
<tr>
<td title='com.appyschool.suiteSetup.TestSuiteSetup.testCreateWeeklyTrackerSkills()'><b>testCreateWeeklyTrackerSkills</b><br>Test class: com.appyschool.suiteSetup.TestSuiteSetup<br>Parameters: {$skillDescription= Creating from Automation, $skillName=Weekly Tracker Skills 4, statusCode=200}</td>
<td></td>
<td>0</td>
<td>com.appyschool.suiteSetup.TestSuiteSetup@47c62251</td></tr>
<tr>
<td title='com.appyschool.suiteSetup.TestSuiteSetup.testMapBranchStandardSection()'><b>testMapBranchStandardSection</b><br>Test class: com.appyschool.suiteSetup.TestSuiteSetup<br>Parameters: {$section=3, $branch=BRANCH_ID_1, $standard=2, statusCode=200}</td>
<td></td>
<td>0</td>
<td>com.appyschool.suiteSetup.TestSuiteSetup@47c62251</td></tr>
</table><p>
<table width='100%' border='1' class='invocation-skipped'>
<tr><td colspan='4' align='center'><b>SKIPPED TESTS</b></td></tr>
<tr><td><b>Test method</b></td>
<td width="30%"><b>Exception</b></td>
<td width="10%"><b>Time (seconds)</b></td>
<td><b>Instance</b></td>
</tr>
<tr>
<td title='com.appyschool.suiteSetup.TestSuiteSetup.testMapExamSubjects()'><b>testMapExamSubjects</b><br>Test class: com.appyschool.suiteSetup.TestSuiteSetup</td>
<td><div><pre>org.testng.TestNGException: 
Method testMapExamSubjects requires 1 parameters but 0 were supplied in the @Test annotation.
... Removed 23 stack frames</pre></div><a href='#' onClick='toggleBox("stack-trace203409950", this, "Click to show all stack frames", "Click to hide stack frames")'>Click to show all stack frames</a>
<div class='stack-trace' id='stack-trace203409950'><pre>org.testng.TestNGException: 
Method testMapExamSubjects requires 1 parameters but 0 were supplied in the @Test annotation.
	at org.testng.internal.Parameters.checkParameterTypes(Parameters.java:198)
	at org.testng.internal.Parameters.createParameters(Parameters.java:134)
	at org.testng.internal.Parameters.createParameters(Parameters.java:373)
	at org.testng.internal.Parameters.handleParameters(Parameters.java:450)
	at org.testng.internal.Invoker.handleParameters(Invoker.java:1383)
	at org.testng.internal.Invoker.createParameters(Invoker.java:1075)
	at org.testng.internal.Invoker.invokeTestMethods(Invoker.java:1180)
	at org.testng.internal.TestMethodWorker.invokeTestMethods(TestMethodWorker.java:127)
	at org.testng.internal.TestMethodWorker.run(TestMethodWorker.java:111)
	at org.testng.TestRunner.privateRun(TestRunner.java:767)
	at org.testng.TestRunner.run(TestRunner.java:617)
	at org.testng.SuiteRunner.runTest(SuiteRunner.java:334)
	at org.testng.SuiteRunner.runSequentially(SuiteRunner.java:329)
	at org.testng.SuiteRunner.privateRun(SuiteRunner.java:291)
	at org.testng.SuiteRunner.run(SuiteRunner.java:240)
	at org.testng.SuiteRunnerWorker.runSuite(SuiteRunnerWorker.java:52)
	at org.testng.SuiteRunnerWorker.run(SuiteRunnerWorker.java:86)
	at org.testng.TestNG.runSuitesSequentially(TestNG.java:1224)
	at org.testng.TestNG.runSuitesLocally(TestNG.java:1149)
	at org.testng.TestNG.run(TestNG.java:1057)
	at org.testng.remote.AbstractRemoteTestNG.run(AbstractRemoteTestNG.java:132)
	at org.testng.remote.RemoteTestNG.initAndRun(RemoteTestNG.java:236)
	at org.testng.remote.RemoteTestNG.main(RemoteTestNG.java:81)
</pre></div></td>
<td>0</td>
<td>com.appyschool.suiteSetup.TestSuiteSetup@47c62251</td></tr>
</table><p>
</body>
</html>